<?xml version="1.0" encoding="UTF-8"?>
<!-- Generated by org.testng.reporters.JUnitReportReporter -->
<testsuite hostname="DESKTOP-4PFGOAF" failures="0" tests="4" name="Day1.HttpRequest" time="5.752" errors="0" timestamp="2025-02-13T10:05:01 IST" skipped="0">
  <testcase classname="Day1.HttpRequest" name="getUser" time="0.343"/>
  <testcase classname="Day1.HttpRequest" name="createUser" time="4.393"/>
  <testcase classname="Day1.HttpRequest" name="updateUser" time="0.527"/>
  <testcase classname="Day1.HttpRequest" name="deleteUser" time="0.489"/>
</testsuite> <!-- Day1.HttpRequest -->
