<?xml version="1.0" encoding="UTF-8"?>
<!-- Generated by org.testng.reporters.JUnitReportReporter -->
<testsuite hostname="DESKTOP-4PFGOAF" failures="0" tests="1" name="Day2.DiffWaysToCreatePostRequestBody" time="3.705" errors="0" timestamp="2025-02-13T16:24:14 IST" skipped="0">
  <testcase classname="Day2.DiffWaysToCreatePostRequestBody" name="testPostusingPOJO" time="3.705"/>
</testsuite> <!-- Day2.DiffWaysToCreatePostRequestBody -->
