<?xml version="1.0" encoding="UTF-8"?>
<!-- Generated by org.testng.reporters.JUnitReportReporter -->
<testsuite hostname="DESKTOP-4PFGOAF" failures="0" tests="1" name="Day6.SerilizationDeserilization" time="0.312" errors="0" timestamp="2025-02-15T07:15:29 IST" skipped="0">
  <testcase classname="Day6.SerilizationDeserilization" name="ConvertJson2pojo" time="0.312"/>
</testsuite> <!-- Day6.SerilizationDeserilization -->
