<?xml version="1.0" encoding="UTF-8"?>
<!-- Generated by org.testng.reporters.JUnitReportReporter -->
<testsuite hostname="DESKTOP-4PFGOAF" failures="0" tests="1" name="Day3.LoggingDemo" time="9.153" errors="0" timestamp="2025-02-14T11:05:24 IST" skipped="0">
  <testcase classname="Day3.LoggingDemo" name="testlog" time="9.153"/>
</testsuite> <!-- Day3.LoggingDemo -->
