<?xml version="1.0" encoding="UTF-8"?>
<!-- Generated by org.testng.reporters.JUnitReportReporter -->
<testsuite hostname="DESKTOP-4PFGOAF" failures="0" tests="1" name="Day3.PathandQueryParameters" time="2.647" errors="0" timestamp="2025-02-14T09:32:09 IST" skipped="0">
  <testcase classname="Day3.PathandQueryParameters" name="testQueryAndPathParameters" time="2.647"/>
</testsuite> <!-- Day3.PathandQueryParameters -->
