<?xml version="1.0" encoding="UTF-8"?>
<!-- Generated by org.testng.reporters.JUnitReportReporter -->
<testsuite hostname="DESKTOP-4PFGOAF" failures="0" tests="1" name="Day3.HeadersDemo" time="3.454" errors="0" timestamp="2025-02-14T10:58:50 IST" skipped="0">
  <testcase classname="Day3.HeadersDemo" name="gettestheader" time="3.454"/>
</testsuite> <!-- Day3.HeadersDemo -->
