<?xml version="1.0" encoding="UTF-8"?>
<!-- Generated by org.testng.reporters.JUnitReportReporter -->
<testsuite hostname="DESKTOP-4PFGOAF" failures="0" tests="1" name="Day7.Authentication" time="5.077" errors="0" timestamp="2025-02-15T08:07:02 IST" skipped="0">
  <testcase classname="Day7.Authentication" name="testDigestAuthentication" time="5.077"/>
</testsuite> <!-- Day7.Authentication -->
