<?xml version="1.0" encoding="UTF-8"?>
<!-- Generated by org.testng.reporters.JUnitReportReporter -->
<testsuite hostname="DESKTOP-4PFGOAF" failures="0" tests="1" name="Day3.CookiesDemo" time="2.609" errors="0" timestamp="2025-02-14T10:06:52 IST" skipped="0">
  <testcase classname="Day3.CookiesDemo" name="gettestcookies" time="2.609"/>
</testsuite> <!-- Day3.CookiesDemo -->
