<?xml version="1.0" encoding="UTF-8"?>
<!-- Generated by org.testng.reporters.JUnitReportReporter -->
<testsuite hostname="DESKTOP-4PFGOAF" failures="0" tests="4" name="Day1.HttpRequest" time="2.009" errors="0" timestamp="2025-02-15T09:55:51 IST" skipped="0">
  <testcase classname="Day1.HttpRequest" name="createUser" time="0.528"/>
  <testcase classname="Day1.HttpRequest" name="getUser" time="0.568"/>
  <testcase classname="Day1.HttpRequest" name="updateUser" time="0.487"/>
  <testcase classname="Day1.HttpRequest" name="deleteUser" time="0.426"/>
</testsuite> <!-- Day1.HttpRequest -->
