<?xml version="1.0" encoding="UTF-8"?>
<!-- Generated by org.testng.reporters.JUnitReportReporter -->
<testsuite hostname="DESKTOP-4PFGOAF" failures="0" tests="3" name="Day7.Authentication" time="6.866" errors="0" timestamp="2025-02-15T09:55:51 IST" skipped="0">
  <testcase classname="Day7.Authentication" name="testDigestAuthentication" time="2.344"/>
  <testcase classname="Day7.Authentication" name="testPreemptiveAuthentication" time="1.374"/>
  <testcase classname="Day7.Authentication" name="testBasicAuthentication" time="3.148"/>
</testsuite> <!-- Day7.Authentication -->
