<?xml version="1.0" encoding="UTF-8"?>
<!-- Generated by org.testng.reporters.JUnitReportReporter -->
<testsuite hostname="DESKTOP-4PFGOAF" failures="0" tests="1" name="Day3.CookiesDemo" time="0.617" errors="0" timestamp="2025-02-15T09:55:51 IST" skipped="0">
  <testcase classname="Day3.CookiesDemo" name="gettestcookies" time="0.617"/>
</testsuite> <!-- Day3.CookiesDemo -->
